Internal Server Error: /static/lib/animate/animate.min.css
"GET /static/lib/animate/animate.min.css HTTP/1.1" 500 145
Internal Server Error: /static/lib/owlcarousel/assets/owl.carousel.min.css
Internal Server Error: /static/lib/lightbox/css/lightbox.min.css
Internal Server Error: /static/css/bootstrap.min.css
Internal Server Error: /static/css/style.css
Internal Server Error: /static/img/hero.png
"GET /static/lib/owlcarousel/assets/owl.carousel.min.css HTTP/1.1" 500 145
"GET /static/lib/lightbox/css/lightbox.min.css HTTP/1.1" 500 145
"GET /static/css/bootstrap.min.css HTTP/1.1" 500 145
"GET /static/img/hero.png HTTP/1.1" 500 145
"GET /static/css/style.css HTTP/1.1" 500 145
Internal Server Error: /static/lib/wow/wow.min.js
"GET /static/lib/wow/wow.min.js HTTP/1.1" 500 145
Internal Server Error: /static/lib/easing/easing.min.js
Internal Server Error: /static/lib/waypoints/waypoints.min.js
"GET /static/lib/waypoints/waypoints.min.js HTTP/1.1" 500 145
Internal Server Error: /static/lib/isotope/isotope.pkgd.min.js
"GET /static/lib/isotope/isotope.pkgd.min.js HTTP/1.1" 500 145
Internal Server Error: /static/lib/owlcarousel/owl.carousel.min.js
"GET /static/lib/owlcarousel/owl.carousel.min.js HTTP/1.1" 500 145
Internal Server Error: /static/lib/counterup/counterup.min.js
"GET /static/lib/easing/easing.min.js HTTP/1.1" 500 145
"GET /static/lib/counterup/counterup.min.js HTTP/1.1" 500 145
Internal Server Error: /static/lib/lightbox/js/lightbox.min.js
"GET /static/lib/lightbox/js/lightbox.min.js HTTP/1.1" 500 145
Internal Server Error: /static/js/main.js
Internal Server Error: /static/js/vendor.bundle.base.js
"GET /static/js/main.js HTTP/1.1" 500 145
"GET /static/js/vendor.bundle.base.js HTTP/1.1" 500 145
Internal Server Error: /static/img/favicon.ico
"GET /static/img/favicon.ico HTTP/1.1" 500 145
Internal Server Error: /static/lib/animate/animate.min.css
Internal Server Error: /static/lib/owlcarousel/assets/owl.carousel.min.css
Internal Server Error: /static/lib/lightbox/css/lightbox.min.css
Internal Server Error: /static/css/bootstrap.min.css
"GET /static/lib/owlcarousel/assets/owl.carousel.min.css HTTP/1.1" 500 145
"GET /static/lib/animate/animate.min.css HTTP/1.1" 500 145
Internal Server Error: /static/css/style.css
"GET /static/css/bootstrap.min.css HTTP/1.1" 500 145
"GET /static/lib/lightbox/css/lightbox.min.css HTTP/1.1" 500 145
"GET /static/css/style.css HTTP/1.1" 500 145
Internal Server Error: /static/img/hero.png
Internal Server Error: /static/lib/wow/wow.min.js
"GET /static/img/hero.png HTTP/1.1" 500 145
"GET /static/lib/wow/wow.min.js HTTP/1.1" 500 145
Internal Server Error: /static/lib/easing/easing.min.js
Internal Server Error: /static/lib/waypoints/waypoints.min.js
"GET /static/lib/easing/easing.min.js HTTP/1.1" 500 145
"GET /static/lib/waypoints/waypoints.min.js HTTP/1.1" 500 145
Internal Server Error: /static/lib/counterup/counterup.min.js
Internal Server Error: /static/lib/owlcarousel/owl.carousel.min.js
Internal Server Error: /static/lib/isotope/isotope.pkgd.min.js
"GET /static/lib/counterup/counterup.min.js HTTP/1.1" 500 145
"GET /static/lib/isotope/isotope.pkgd.min.js HTTP/1.1" 500 145
"GET /static/lib/owlcarousel/owl.carousel.min.js HTTP/1.1" 500 145
Internal Server Error: /static/lib/lightbox/js/lightbox.min.js
"GET /static/lib/lightbox/js/lightbox.min.js HTTP/1.1" 500 145
Internal Server Error: /static/js/main.js
Internal Server Error: /static/js/vendor.bundle.base.js
"GET /static/js/main.js HTTP/1.1" 500 145
"GET /static/js/vendor.bundle.base.js HTTP/1.1" 500 145
Internal Server Error: /static/img/favicon.ico
"GET /static/img/favicon.ico HTTP/1.1" 500 145
Internal Server Error: /static/css/bootstrap.min.css
"GET /static/css/bootstrap.min.css HTTP/1.1" 500 145
Internal Server Error: /static/lib/animate/animate.min.css
"GET /static/lib/animate/animate.min.css HTTP/1.1" 500 145
Internal Server Error: /static/lib/owlcarousel/assets/owl.carousel.min.css
Internal Server Error: /static/lib/lightbox/css/lightbox.min.css
"GET /static/lib/owlcarousel/assets/owl.carousel.min.css HTTP/1.1" 500 145
"GET /static/lib/lightbox/css/lightbox.min.css HTTP/1.1" 500 145
Internal Server Error: /static/lib/wow/wow.min.js
"GET /static/lib/wow/wow.min.js HTTP/1.1" 500 145
Internal Server Error: /static/lib/easing/easing.min.js
"GET /static/lib/easing/easing.min.js HTTP/1.1" 500 145
Internal Server Error: /static/css/style.css
Internal Server Error: /static/lib/waypoints/waypoints.min.js
Internal Server Error: /static/lib/counterup/counterup.min.js
Internal Server Error: /static/lib/owlcarousel/owl.carousel.min.js
Internal Server Error: /static/lib/isotope/isotope.pkgd.min.js
"GET /static/lib/counterup/counterup.min.js HTTP/1.1" 500 145
"GET /static/lib/waypoints/waypoints.min.js HTTP/1.1" 500 145
"GET /static/css/style.css HTTP/1.1" 500 145
"GET /static/lib/owlcarousel/owl.carousel.min.js HTTP/1.1" 500 145
"GET /static/lib/isotope/isotope.pkgd.min.js HTTP/1.1" 500 145
Internal Server Error: /static/img/hero.png
"GET /static/img/hero.png HTTP/1.1" 500 145
Internal Server Error: /static/lib/lightbox/js/lightbox.min.js
Internal Server Error: /static/js/main.js
Internal Server Error: /static/js/vendor.bundle.base.js
"GET /static/lib/lightbox/js/lightbox.min.js HTTP/1.1" 500 145
"GET /static/js/main.js HTTP/1.1" 500 145
"GET /static/js/vendor.bundle.base.js HTTP/1.1" 500 145
Internal Server Error: /static/img/favicon.ico
"GET /static/img/favicon.ico HTTP/1.1" 500 145
Internal Server Error: /static/lib/animate/animate.min.css
"GET /static/lib/animate/animate.min.css HTTP/1.1" 500 145
Internal Server Error: /static/lib/owlcarousel/assets/owl.carousel.min.css
Internal Server Error: /static/lib/lightbox/css/lightbox.min.css
Internal Server Error: /static/css/bootstrap.min.css
Internal Server Error: /static/css/style.css
Internal Server Error: /static/img/hero.png
Internal Server Error: /static/lib/wow/wow.min.js
"GET /static/lib/owlcarousel/assets/owl.carousel.min.css HTTP/1.1" 500 145
"GET /static/lib/lightbox/css/lightbox.min.css HTTP/1.1" 500 145
"GET /static/css/bootstrap.min.css HTTP/1.1" 500 145
"GET /static/img/hero.png HTTP/1.1" 500 145
"GET /static/lib/wow/wow.min.js HTTP/1.1" 500 145
"GET /static/css/style.css HTTP/1.1" 500 145
Internal Server Error: /static/lib/easing/easing.min.js
"GET /static/lib/easing/easing.min.js HTTP/1.1" 500 145
Internal Server Error: /static/lib/waypoints/waypoints.min.js
Internal Server Error: /static/lib/owlcarousel/owl.carousel.min.js
Internal Server Error: /static/js/main.js
Internal Server Error: /static/lib/isotope/isotope.pkgd.min.js
"GET /static/lib/isotope/isotope.pkgd.min.js HTTP/1.1" 500 145
"GET /static/lib/waypoints/waypoints.min.js HTTP/1.1" 500 145
"GET /static/js/main.js HTTP/1.1" 500 145
Internal Server Error: /static/lib/lightbox/js/lightbox.min.js
"GET /static/lib/owlcarousel/owl.carousel.min.js HTTP/1.1" 500 145
Internal Server Error: /static/lib/counterup/counterup.min.js
"GET /static/lib/lightbox/js/lightbox.min.js HTTP/1.1" 500 145
"GET /static/lib/counterup/counterup.min.js HTTP/1.1" 500 145
Internal Server Error: /static/js/vendor.bundle.base.js
"GET /static/js/vendor.bundle.base.js HTTP/1.1" 500 145
Internal Server Error: /static/img/favicon.ico
"GET /static/img/favicon.ico HTTP/1.1" 500 145
Internal Server Error: /static/css/bootstrap.min.css
Internal Server Error: /static/css/style.css
Internal Server Error: /static/lib/animate/animate.min.css
Internal Server Error: /static/lib/owlcarousel/assets/owl.carousel.min.css
Internal Server Error: /static/lib/lightbox/css/lightbox.min.css
"GET /static/css/bootstrap.min.css HTTP/1.1" 500 145
"GET /static/css/style.css HTTP/1.1" 500 145
"GET /static/lib/animate/animate.min.css HTTP/1.1" 500 145
"GET /static/lib/owlcarousel/assets/owl.carousel.min.css HTTP/1.1" 500 145
"GET /static/lib/lightbox/css/lightbox.min.css HTTP/1.1" 500 145
Internal Server Error: /static/img/hero.png
"GET /static/img/hero.png HTTP/1.1" 500 145
Internal Server Error: /static/lib/wow/wow.min.js
"GET /static/lib/wow/wow.min.js HTTP/1.1" 500 145
Internal Server Error: /static/lib/easing/easing.min.js
"GET /static/lib/easing/easing.min.js HTTP/1.1" 500 145
Internal Server Error: /static/lib/waypoints/waypoints.min.js
"GET /static/lib/waypoints/waypoints.min.js HTTP/1.1" 500 145
Internal Server Error: /static/lib/counterup/counterup.min.js
"GET /static/lib/counterup/counterup.min.js HTTP/1.1" 500 145
Internal Server Error: /static/lib/owlcarousel/owl.carousel.min.js
"GET /static/lib/owlcarousel/owl.carousel.min.js HTTP/1.1" 500 145
Internal Server Error: /static/lib/isotope/isotope.pkgd.min.js
Internal Server Error: /static/js/main.js
Internal Server Error: /static/js/vendor.bundle.base.js
Internal Server Error: /static/lib/lightbox/js/lightbox.min.js
"GET /static/lib/isotope/isotope.pkgd.min.js HTTP/1.1" 500 145
"GET /static/js/main.js HTTP/1.1" 500 145
"GET /static/js/vendor.bundle.base.js HTTP/1.1" 500 145
"GET /static/lib/lightbox/js/lightbox.min.js HTTP/1.1" 500 145
Internal Server Error: /static/img/favicon.ico
"GET /static/img/favicon.ico HTTP/1.1" 500 145
Internal Server Error: /static/lib/animate/animate.min.css
"GET /static/lib/animate/animate.min.css HTTP/1.1" 500 145
Internal Server Error: /static/lib/owlcarousel/assets/owl.carousel.min.css
"GET /static/lib/owlcarousel/assets/owl.carousel.min.css HTTP/1.1" 500 145
Internal Server Error: /static/lib/lightbox/css/lightbox.min.css
Internal Server Error: /static/css/bootstrap.min.css
Internal Server Error: /static/css/style.css
Internal Server Error: /static/img/hero.png
Internal Server Error: /static/lib/wow/wow.min.js
Internal Server Error: /static/lib/easing/easing.min.js
"GET /static/lib/lightbox/css/lightbox.min.css HTTP/1.1" 500 145
"GET /static/css/bootstrap.min.css HTTP/1.1" 500 145
"GET /static/css/style.css HTTP/1.1" 500 145
"GET /static/img/hero.png HTTP/1.1" 500 145
"GET /static/lib/easing/easing.min.js HTTP/1.1" 500 145
"GET /static/lib/wow/wow.min.js HTTP/1.1" 500 145
Internal Server Error: /static/lib/waypoints/waypoints.min.js
Internal Server Error: /static/lib/counterup/counterup.min.js
Internal Server Error: /static/lib/owlcarousel/owl.carousel.min.js
Internal Server Error: /static/lib/isotope/isotope.pkgd.min.js
Internal Server Error: /static/lib/lightbox/js/lightbox.min.js
Internal Server Error: /static/js/main.js
"GET /static/lib/counterup/counterup.min.js HTTP/1.1" 500 145
"GET /static/lib/waypoints/waypoints.min.js HTTP/1.1" 500 145
"GET /static/lib/owlcarousel/owl.carousel.min.js HTTP/1.1" 500 145
"GET /static/lib/isotope/isotope.pkgd.min.js HTTP/1.1" 500 145
"GET /static/js/main.js HTTP/1.1" 500 145
"GET /static/lib/lightbox/js/lightbox.min.js HTTP/1.1" 500 145
Internal Server Error: /static/js/vendor.bundle.base.js
"GET /static/js/vendor.bundle.base.js HTTP/1.1" 500 145
Internal Server Error: /static/img/favicon.ico
"GET /static/img/favicon.ico HTTP/1.1" 500 145
Internal Server Error: /static/lib/animate/animate.min.css
Internal Server Error: /static/lib/owlcarousel/assets/owl.carousel.min.css
Internal Server Error: /static/css/bootstrap.min.css
Internal Server Error: /static/lib/lightbox/css/lightbox.min.css
"GET /static/lib/animate/animate.min.css HTTP/1.1" 500 145
Internal Server Error: /static/css/style.css
"GET /static/lib/owlcarousel/assets/owl.carousel.min.css HTTP/1.1" 500 145
"GET /static/css/bootstrap.min.css HTTP/1.1" 500 145
"GET /static/lib/lightbox/css/lightbox.min.css HTTP/1.1" 500 145
"GET /static/css/style.css HTTP/1.1" 500 145
Internal Server Error: /static/img/hero.png
"GET /static/img/hero.png HTTP/1.1" 500 145
Internal Server Error: /static/lib/wow/wow.min.js
Internal Server Error: /static/lib/easing/easing.min.js
Internal Server Error: /static/lib/waypoints/waypoints.min.js
Internal Server Error: /static/lib/counterup/counterup.min.js
"GET /static/lib/wow/wow.min.js HTTP/1.1" 500 145
"GET /static/lib/easing/easing.min.js HTTP/1.1" 500 145
"GET /static/lib/counterup/counterup.min.js HTTP/1.1" 500 145
"GET /static/lib/waypoints/waypoints.min.js HTTP/1.1" 500 145
Internal Server Error: /static/lib/owlcarousel/owl.carousel.min.js
"GET /static/lib/owlcarousel/owl.carousel.min.js HTTP/1.1" 500 145
Internal Server Error: /static/lib/isotope/isotope.pkgd.min.js
Internal Server Error: /static/lib/lightbox/js/lightbox.min.js
Internal Server Error: /static/js/main.js
Internal Server Error: /static/js/vendor.bundle.base.js
"GET /static/js/main.js HTTP/1.1" 500 145
"GET /static/lib/lightbox/js/lightbox.min.js HTTP/1.1" 500 145
"GET /static/js/vendor.bundle.base.js HTTP/1.1" 500 145
"GET /static/lib/isotope/isotope.pkgd.min.js HTTP/1.1" 500 145
Internal Server Error: /static/img/favicon.ico
"GET /static/img/favicon.ico HTTP/1.1" 500 145
Internal Server Error: /static/lib/animate/animate.min.css
Internal Server Error: /static/lib/owlcarousel/assets/owl.carousel.min.css
"GET /static/lib/animate/animate.min.css HTTP/1.1" 500 145
"GET /static/lib/owlcarousel/assets/owl.carousel.min.css HTTP/1.1" 500 145
Internal Server Error: /static/lib/lightbox/css/lightbox.min.css
Internal Server Error: /static/css/bootstrap.min.css
"GET /static/lib/lightbox/css/lightbox.min.css HTTP/1.1" 500 145
"GET /static/css/bootstrap.min.css HTTP/1.1" 500 145
Internal Server Error: /static/css/style.css
"GET /static/css/style.css HTTP/1.1" 500 145
Internal Server Error: /static/img/hero.png
Internal Server Error: /static/lib/wow/wow.min.js
"GET /static/lib/wow/wow.min.js HTTP/1.1" 500 145
Internal Server Error: /static/css/font-awesome.min.css
"GET /static/img/hero.png HTTP/1.1" 500 145
"GET /static/css/font-awesome.min.css HTTP/1.1" 500 145
Internal Server Error: /static/lib/easing/easing.min.js
Internal Server Error: /static/lib/waypoints/waypoints.min.js
Internal Server Error: /static/lib/counterup/counterup.min.js
"GET /static/lib/easing/easing.min.js HTTP/1.1" 500 145
"GET /static/lib/waypoints/waypoints.min.js HTTP/1.1" 500 145
"GET /static/lib/counterup/counterup.min.js HTTP/1.1" 500 145
Internal Server Error: /static/lib/owlcarousel/owl.carousel.min.js
"GET /static/lib/owlcarousel/owl.carousel.min.js HTTP/1.1" 500 145
Internal Server Error: /static/lib/isotope/isotope.pkgd.min.js
"GET /static/lib/isotope/isotope.pkgd.min.js HTTP/1.1" 500 145
Internal Server Error: /static/lib/lightbox/js/lightbox.min.js
"GET /static/lib/lightbox/js/lightbox.min.js HTTP/1.1" 500 145
Internal Server Error: /static/js/main.js
Internal Server Error: /static/js/vendor.bundle.base.js
"GET /static/js/main.js HTTP/1.1" 500 145
"GET /static/js/vendor.bundle.base.js HTTP/1.1" 500 145
Internal Server Error: /static/img/favicon.ico
"GET /static/img/favicon.ico HTTP/1.1" 500 145
Internal Server Error: /static/lib/animate/animate.min.css
Internal Server Error: /static/lib/owlcarousel/assets/owl.carousel.min.css
Internal Server Error: /static/css/font-awesome.min.css
Internal Server Error: /static/css/style.css
Internal Server Error: /static/css/bootstrap.min.css
Internal Server Error: /static/lib/lightbox/css/lightbox.min.css
"GET /static/lib/owlcarousel/assets/owl.carousel.min.css HTTP/1.1" 500 145
"GET /static/lib/animate/animate.min.css HTTP/1.1" 500 145
"GET /static/css/style.css HTTP/1.1" 500 145
"GET /static/css/font-awesome.min.css HTTP/1.1" 500 145
"GET /static/css/bootstrap.min.css HTTP/1.1" 500 145
"GET /static/lib/lightbox/css/lightbox.min.css HTTP/1.1" 500 145
Internal Server Error: /static/img/hero.png
Internal Server Error: /static/lib/wow/wow.min.js
"GET /static/img/hero.png HTTP/1.1" 500 145
Internal Server Error: /static/lib/owlcarousel/owl.carousel.min.js
Internal Server Error: /static/lib/waypoints/waypoints.min.js
Internal Server Error: /static/lib/counterup/counterup.min.js
Internal Server Error: /static/lib/easing/easing.min.js
Internal Server Error: /static/lib/isotope/isotope.pkgd.min.js
"GET /static/lib/wow/wow.min.js HTTP/1.1" 500 145
"GET /static/lib/counterup/counterup.min.js HTTP/1.1" 500 145
"GET /static/lib/waypoints/waypoints.min.js HTTP/1.1" 500 145
"GET /static/lib/owlcarousel/owl.carousel.min.js HTTP/1.1" 500 145
"GET /static/lib/easing/easing.min.js HTTP/1.1" 500 145
"GET /static/lib/isotope/isotope.pkgd.min.js HTTP/1.1" 500 145
Internal Server Error: /static/lib/lightbox/js/lightbox.min.js
"GET /static/lib/lightbox/js/lightbox.min.js HTTP/1.1" 500 145
Internal Server Error: /static/js/main.js
Internal Server Error: /static/js/vendor.bundle.base.js
"GET /static/js/main.js HTTP/1.1" 500 145
"GET /static/js/vendor.bundle.base.js HTTP/1.1" 500 145
Internal Server Error: /static/img/favicon.ico
"GET /static/img/favicon.ico HTTP/1.1" 500 145
Internal Server Error: /static/lib/owlcarousel/assets/owl.carousel.min.css
Internal Server Error: /static/lib/animate/animate.min.css
"GET /static/lib/owlcarousel/assets/owl.carousel.min.css HTTP/1.1" 500 145
"GET /static/lib/animate/animate.min.css HTTP/1.1" 500 145
Internal Server Error: /static/lib/lightbox/css/lightbox.min.css
Internal Server Error: /static/img/hero.png
Internal Server Error: /static/lib/wow/wow.min.js
"GET /static/lib/lightbox/css/lightbox.min.css HTTP/1.1" 500 145
Internal Server Error: /static/css/bootstrap.min.css
Internal Server Error: /static/css/style.css
Internal Server Error: /static/lib/easing/easing.min.js
"GET /static/lib/wow/wow.min.js HTTP/1.1" 500 145
"GET /static/img/hero.png HTTP/1.1" 500 145
"GET /static/lib/easing/easing.min.js HTTP/1.1" 500 145
"GET /static/css/bootstrap.min.css HTTP/1.1" 500 145
"GET /static/css/style.css HTTP/1.1" 500 145
Internal Server Error: /static/css/font-awesome.min.css
Internal Server Error: /static/lib/waypoints/waypoints.min.js
Internal Server Error: /static/lib/counterup/counterup.min.js
Internal Server Error: /static/lib/owlcarousel/owl.carousel.min.js
Internal Server Error: /static/lib/isotope/isotope.pkgd.min.js
Internal Server Error: /static/lib/lightbox/js/lightbox.min.js
"GET /static/lib/counterup/counterup.min.js HTTP/1.1" 500 145
"GET /static/css/font-awesome.min.css HTTP/1.1" 500 145
"GET /static/lib/waypoints/waypoints.min.js HTTP/1.1" 500 145
"GET /static/lib/isotope/isotope.pkgd.min.js HTTP/1.1" 500 145
"GET /static/lib/lightbox/js/lightbox.min.js HTTP/1.1" 500 145
"GET /static/lib/owlcarousel/owl.carousel.min.js HTTP/1.1" 500 145
Internal Server Error: /static/js/main.js
"GET /static/js/main.js HTTP/1.1" 500 145
Internal Server Error: /static/js/vendor.bundle.base.js
"GET /static/js/vendor.bundle.base.js HTTP/1.1" 500 145
Internal Server Error: /static/img/favicon.ico
"GET /static/img/favicon.ico HTTP/1.1" 500 145
Internal Server Error: /static/lib/animate/animate.min.css
Internal Server Error: /static/lib/owlcarousel/assets/owl.carousel.min.css
"GET /static/lib/animate/animate.min.css HTTP/1.1" 500 145
"GET /static/lib/owlcarousel/assets/owl.carousel.min.css HTTP/1.1" 500 145
Internal Server Error: /static/lib/lightbox/css/lightbox.min.css
"GET /static/lib/lightbox/css/lightbox.min.css HTTP/1.1" 500 145
Internal Server Error: /static/css/font-awesome.min.css
Internal Server Error: /static/css/style.css
"GET /static/css/font-awesome.min.css HTTP/1.1" 500 145
"GET /static/css/style.css HTTP/1.1" 500 145
Internal Server Error: /static/css/bootstrap.min.css
"GET /static/css/bootstrap.min.css HTTP/1.1" 500 145
Internal Server Error: /static/img/hero.png
Internal Server Error: /static/lib/easing/easing.min.js
Internal Server Error: /static/lib/waypoints/waypoints.min.js
Internal Server Error: /static/lib/wow/wow.min.js
"GET /static/img/hero.png HTTP/1.1" 500 145
"GET /static/lib/waypoints/waypoints.min.js HTTP/1.1" 500 145
"GET /static/lib/wow/wow.min.js HTTP/1.1" 500 145
"GET /static/lib/easing/easing.min.js HTTP/1.1" 500 145
Internal Server Error: /static/lib/counterup/counterup.min.js
Internal Server Error: /static/lib/isotope/isotope.pkgd.min.js
Internal Server Error: /static/lib/lightbox/js/lightbox.min.js
"GET /static/lib/counterup/counterup.min.js HTTP/1.1" 500 145
"GET /static/lib/lightbox/js/lightbox.min.js HTTP/1.1" 500 145
Internal Server Error: /static/lib/owlcarousel/owl.carousel.min.js
Internal Server Error: /static/js/vendor.bundle.base.js
"GET /static/js/vendor.bundle.base.js HTTP/1.1" 500 145
"GET /static/lib/isotope/isotope.pkgd.min.js HTTP/1.1" 500 145
"GET /static/lib/owlcarousel/owl.carousel.min.js HTTP/1.1" 500 145
Internal Server Error: /static/js/main.js
"GET /static/js/main.js HTTP/1.1" 500 145
Internal Server Error: /static/img/favicon.ico
"GET /static/img/favicon.ico HTTP/1.1" 500 145
Internal Server Error: /static/lib/animate/animate.min.css
Internal Server Error: /static/lib/owlcarousel/assets/owl.carousel.min.css
"GET /static/lib/animate/animate.min.css HTTP/1.1" 500 145
"GET /static/lib/owlcarousel/assets/owl.carousel.min.css HTTP/1.1" 500 145
Internal Server Error: /static/lib/lightbox/css/lightbox.min.css
Internal Server Error: /static/css/bootstrap.min.css
Internal Server Error: /static/css/style.css
Internal Server Error: /static/img/hero.png
Internal Server Error: /static/lib/wow/wow.min.js
"GET /static/lib/lightbox/css/lightbox.min.css HTTP/1.1" 500 145
"GET /static/css/style.css HTTP/1.1" 500 145
Internal Server Error: /static/css/font-awesome.min.css
"GET /static/css/bootstrap.min.css HTTP/1.1" 500 145
"GET /static/img/hero.png HTTP/1.1" 500 145
Internal Server Error: /static/lib/easing/easing.min.js
Internal Server Error: /static/lib/waypoints/waypoints.min.js
"GET /static/lib/wow/wow.min.js HTTP/1.1" 500 145
Internal Server Error: /static/lib/counterup/counterup.min.js
Internal Server Error: /static/lib/isotope/isotope.pkgd.min.js
"GET /static/css/font-awesome.min.css HTTP/1.1" 500 145
Internal Server Error: /static/lib/owlcarousel/owl.carousel.min.js
"GET /static/lib/easing/easing.min.js HTTP/1.1" 500 145
"GET /static/lib/waypoints/waypoints.min.js HTTP/1.1" 500 145
Internal Server Error: /static/lib/lightbox/js/lightbox.min.js
"GET /static/lib/isotope/isotope.pkgd.min.js HTTP/1.1" 500 145
"GET /static/lib/owlcarousel/owl.carousel.min.js HTTP/1.1" 500 145
"GET /static/lib/counterup/counterup.min.js HTTP/1.1" 500 145
Internal Server Error: /static/js/main.js
Internal Server Error: /static/js/vendor.bundle.base.js
"GET /static/lib/lightbox/js/lightbox.min.js HTTP/1.1" 500 145
"GET /static/js/main.js HTTP/1.1" 500 145
"GET /static/js/vendor.bundle.base.js HTTP/1.1" 500 145
Internal Server Error: /static/img/favicon.ico
"GET /static/img/favicon.ico HTTP/1.1" 500 145
Internal Server Error: /static/lib/owlcarousel/assets/owl.carousel.min.css
Internal Server Error: /static/lib/lightbox/css/lightbox.min.css
"GET /static/lib/lightbox/css/lightbox.min.css HTTP/1.1" 500 145
Internal Server Error: /static/lib/animate/animate.min.css
"GET /static/lib/animate/animate.min.css HTTP/1.1" 500 145
Internal Server Error: /static/css/font-awesome.min.css
"GET /static/lib/owlcarousel/assets/owl.carousel.min.css HTTP/1.1" 500 145
Internal Server Error: /static/css/style.css
Internal Server Error: /static/css/bootstrap.min.css
"GET /static/css/style.css HTTP/1.1" 500 145
"GET /static/css/font-awesome.min.css HTTP/1.1" 500 145
"GET /static/css/bootstrap.min.css HTTP/1.1" 500 145
Internal Server Error: /static/lib/animate/animate.min.css
Internal Server Error: /static/lib/owlcarousel/assets/owl.carousel.min.css
"GET /static/lib/animate/animate.min.css HTTP/1.1" 500 145
"GET /static/lib/owlcarousel/assets/owl.carousel.min.css HTTP/1.1" 500 145
Internal Server Error: /static/lib/lightbox/css/lightbox.min.css
Internal Server Error: /static/img/hero.png
"GET /static/lib/lightbox/css/lightbox.min.css HTTP/1.1" 500 145
"GET /static/img/hero.png HTTP/1.1" 500 145
Internal Server Error: /static/lib/wow/wow.min.js
"GET /static/lib/wow/wow.min.js HTTP/1.1" 500 145
Internal Server Error: /static/lib/easing/easing.min.js
Internal Server Error: /static/lib/waypoints/waypoints.min.js
Internal Server Error: /static/lib/counterup/counterup.min.js
Internal Server Error: /static/css/bootstrap.min.css
"GET /static/lib/waypoints/waypoints.min.js HTTP/1.1" 500 145
"GET /static/lib/easing/easing.min.js HTTP/1.1" 500 145
"GET /static/css/bootstrap.min.css HTTP/1.1" 500 145
"GET /static/lib/counterup/counterup.min.js HTTP/1.1" 500 145
Internal Server Error: /static/lib/owlcarousel/owl.carousel.min.js
Internal Server Error: /static/lib/isotope/isotope.pkgd.min.js
"GET /static/lib/isotope/isotope.pkgd.min.js HTTP/1.1" 500 145
Internal Server Error: /static/lib/lightbox/js/lightbox.min.js
"GET /static/lib/owlcarousel/owl.carousel.min.js HTTP/1.1" 500 145
"GET /static/lib/lightbox/js/lightbox.min.js HTTP/1.1" 500 145
Internal Server Error: /static/js/main.js
"GET /static/js/main.js HTTP/1.1" 500 145
Internal Server Error: /static/css/style.css
"GET /static/css/style.css HTTP/1.1" 500 145
Internal Server Error: /static/css/font-awesome.min.css
"GET /static/css/font-awesome.min.css HTTP/1.1" 500 145
Internal Server Error: /static/js/vendor.bundle.base.js
"GET /static/js/vendor.bundle.base.js HTTP/1.1" 500 145
Internal Server Error: /static/img/favicon.ico
"GET /static/img/favicon.ico HTTP/1.1" 500 145
Internal Server Error: /static/lib/animate/animate.min.css
"GET /static/lib/animate/animate.min.css HTTP/1.1" 500 145
Internal Server Error: /static/lib/owlcarousel/assets/owl.carousel.min.css
Internal Server Error: /static/img/hero.png
"GET /static/lib/owlcarousel/assets/owl.carousel.min.css HTTP/1.1" 500 145
Internal Server Error: /static/lib/lightbox/css/lightbox.min.css
"GET /static/lib/lightbox/css/lightbox.min.css HTTP/1.1" 500 145
"GET /static/img/hero.png HTTP/1.1" 500 145
Internal Server Error: /static/lib/wow/wow.min.js
Internal Server Error: /static/lib/easing/easing.min.js
Internal Server Error: /static/lib/waypoints/waypoints.min.js
"GET /static/lib/wow/wow.min.js HTTP/1.1" 500 145
"GET /static/lib/easing/easing.min.js HTTP/1.1" 500 145
Internal Server Error: /static/css/bootstrap.min.css
"GET /static/lib/waypoints/waypoints.min.js HTTP/1.1" 500 145
"GET /static/css/bootstrap.min.css HTTP/1.1" 500 145
Internal Server Error: /static/lib/owlcarousel/owl.carousel.min.js
Internal Server Error: /static/css/style.css
Internal Server Error: /static/lib/counterup/counterup.min.js
Internal Server Error: /static/lib/lightbox/js/lightbox.min.js
Internal Server Error: /static/lib/isotope/isotope.pkgd.min.js
Internal Server Error: /static/css/font-awesome.min.css
"GET /static/lib/counterup/counterup.min.js HTTP/1.1" 500 145
"GET /static/lib/owlcarousel/owl.carousel.min.js HTTP/1.1" 500 145
"GET /static/lib/isotope/isotope.pkgd.min.js HTTP/1.1" 500 145
"GET /static/css/style.css HTTP/1.1" 500 145
"GET /static/lib/lightbox/js/lightbox.min.js HTTP/1.1" 500 145
"GET /static/css/font-awesome.min.css HTTP/1.1" 500 145
Internal Server Error: /static/js/main.js
Internal Server Error: /static/js/vendor.bundle.base.js
"GET /static/js/vendor.bundle.base.js HTTP/1.1" 500 145
"GET /static/js/main.js HTTP/1.1" 500 145
Internal Server Error: /static/img/favicon.ico
"GET /static/img/favicon.ico HTTP/1.1" 500 145
Internal Server Error: /static/lib/animate/animate.min.css
"GET /static/lib/animate/animate.min.css HTTP/1.1" 500 145
Internal Server Error: /static/lib/owlcarousel/assets/owl.carousel.min.css
Internal Server Error: /static/lib/lightbox/css/lightbox.min.css
"GET /static/lib/owlcarousel/assets/owl.carousel.min.css HTTP/1.1" 500 145
"GET /static/lib/lightbox/css/lightbox.min.css HTTP/1.1" 500 145
Internal Server Error: /static/css/bootstrap.min.css
"GET /static/css/bootstrap.min.css HTTP/1.1" 500 145
Internal Server Error: /static/css/style.css
"GET /static/css/style.css HTTP/1.1" 500 145
Internal Server Error: /static/css/font-awesome.min.css
"GET /static/css/font-awesome.min.css HTTP/1.1" 500 145
Internal Server Error: /static/img/hero.png
"GET /static/img/hero.png HTTP/1.1" 500 145
Internal Server Error: /static/lib/animate/animate.min.css
Internal Server Error: /static/lib/wow/wow.min.js
Internal Server Error: /static/lib/easing/easing.min.js
Internal Server Error: /static/lib/waypoints/waypoints.min.js
"GET /static/lib/waypoints/waypoints.min.js HTTP/1.1" 500 145
Internal Server Error: /static/lib/counterup/counterup.min.js
Internal Server Error: /static/lib/owlcarousel/owl.carousel.min.js
"GET /static/lib/animate/animate.min.css HTTP/1.1" 500 145
"GET /static/lib/counterup/counterup.min.js HTTP/1.1" 500 145
"GET /static/lib/wow/wow.min.js HTTP/1.1" 500 145
"GET /static/lib/owlcarousel/owl.carousel.min.js HTTP/1.1" 500 145
"GET /static/lib/easing/easing.min.js HTTP/1.1" 500 145
Internal Server Error: /static/js/main.js
Internal Server Error: /static/js/vendor.bundle.base.js
Internal Server Error: /static/lib/isotope/isotope.pkgd.min.js
Internal Server Error: /static/lib/lightbox/js/lightbox.min.js
"GET /static/lib/lightbox/js/lightbox.min.js HTTP/1.1" 500 145
"GET /static/js/main.js HTTP/1.1" 500 145
"GET /static/js/vendor.bundle.base.js HTTP/1.1" 500 145
"GET /static/lib/isotope/isotope.pkgd.min.js HTTP/1.1" 500 145
Internal Server Error: /static/img/favicon.ico
"GET /static/img/favicon.ico HTTP/1.1" 500 145
Internal Server Error: /static/lib/owlcarousel/assets/owl.carousel.min.css
Internal Server Error: /static/lib/animate/animate.min.css
"GET /static/lib/owlcarousel/assets/owl.carousel.min.css HTTP/1.1" 500 145
"GET /static/lib/animate/animate.min.css HTTP/1.1" 500 145
Internal Server Error: /static/lib/lightbox/css/lightbox.min.css
Internal Server Error: /static/css/style.css
Internal Server Error: /static/css/font-awesome.min.css
"GET /static/css/style.css HTTP/1.1" 500 145
Internal Server Error: /static/css/bootstrap.min.css
"GET /static/css/font-awesome.min.css HTTP/1.1" 500 145
"GET /static/lib/lightbox/css/lightbox.min.css HTTP/1.1" 500 145
"GET /static/css/bootstrap.min.css HTTP/1.1" 500 145
Internal Server Error: /static/img/hero.png
"GET /static/img/hero.png HTTP/1.1" 500 145
Internal Server Error: /static/lib/wow/wow.min.js
Internal Server Error: /static/lib/easing/easing.min.js
Internal Server Error: /static/lib/waypoints/waypoints.min.js
Internal Server Error: /static/lib/counterup/counterup.min.js
Internal Server Error: /static/lib/owlcarousel/owl.carousel.min.js
"GET /static/lib/wow/wow.min.js HTTP/1.1" 500 145
"GET /static/lib/waypoints/waypoints.min.js HTTP/1.1" 500 145
"GET /static/lib/counterup/counterup.min.js HTTP/1.1" 500 145
"GET /static/lib/easing/easing.min.js HTTP/1.1" 500 145
"GET /static/lib/owlcarousel/owl.carousel.min.js HTTP/1.1" 500 145
Internal Server Error: /static/lib/isotope/isotope.pkgd.min.js
"GET /static/lib/isotope/isotope.pkgd.min.js HTTP/1.1" 500 145
Internal Server Error: /static/lib/lightbox/js/lightbox.min.js
"GET /static/lib/lightbox/js/lightbox.min.js HTTP/1.1" 500 145
Internal Server Error: /static/js/main.js
"GET /static/js/main.js HTTP/1.1" 500 145
Internal Server Error: /static/js/vendor.bundle.base.js
"GET /static/js/vendor.bundle.base.js HTTP/1.1" 500 145
Internal Server Error: /static/img/favicon.ico
"GET /static/img/favicon.ico HTTP/1.1" 500 145
Internal Server Error: /static/lib/animate/animate.min.css
"GET /static/lib/animate/animate.min.css HTTP/1.1" 500 145
Internal Server Error: /static/css/font-awesome.min.css
Internal Server Error: /static/css/style.css
Internal Server Error: /static/css/bootstrap.min.css
Internal Server Error: /static/lib/lightbox/css/lightbox.min.css
Internal Server Error: /static/img/hero.png
Internal Server Error: /static/lib/owlcarousel/assets/owl.carousel.min.css
"GET /static/css/font-awesome.min.css HTTP/1.1" 500 145
"GET /static/css/style.css HTTP/1.1" 500 145
"GET /static/lib/lightbox/css/lightbox.min.css HTTP/1.1" 500 145
"GET /static/css/bootstrap.min.css HTTP/1.1" 500 145
"GET /static/img/hero.png HTTP/1.1" 500 145
Internal Server Error: /static/lib/owlcarousel/owl.carousel.min.js
Internal Server Error: /static/lib/counterup/counterup.min.js
"GET /static/lib/owlcarousel/assets/owl.carousel.min.css HTTP/1.1" 500 145
Internal Server Error: /static/lib/wow/wow.min.js
Internal Server Error: /static/lib/waypoints/waypoints.min.js
Internal Server Error: /static/lib/easing/easing.min.js
Internal Server Error: /static/lib/isotope/isotope.pkgd.min.js
"GET /static/lib/owlcarousel/owl.carousel.min.js HTTP/1.1" 500 145
"GET /static/lib/counterup/counterup.min.js HTTP/1.1" 500 145
"GET /static/lib/wow/wow.min.js HTTP/1.1" 500 145
"GET /static/lib/waypoints/waypoints.min.js HTTP/1.1" 500 145
"GET /static/lib/easing/easing.min.js HTTP/1.1" 500 145
"GET /static/lib/isotope/isotope.pkgd.min.js HTTP/1.1" 500 145
Internal Server Error: /static/js/main.js
Internal Server Error: /static/lib/lightbox/js/lightbox.min.js
"GET /static/lib/lightbox/js/lightbox.min.js HTTP/1.1" 500 145
"GET /static/js/main.js HTTP/1.1" 500 145
Internal Server Error: /static/js/vendor.bundle.base.js
"GET /static/js/vendor.bundle.base.js HTTP/1.1" 500 145
Internal Server Error: /static/img/favicon.ico
"GET /static/img/favicon.ico HTTP/1.1" 500 145
Internal Server Error: /static/lib/animate/animate.min.css
"GET /static/lib/animate/animate.min.css HTTP/1.1" 500 145
Internal Server Error: /static/lib/owlcarousel/assets/owl.carousel.min.css
Internal Server Error: /static/lib/lightbox/css/lightbox.min.css
"GET /static/lib/owlcarousel/assets/owl.carousel.min.css HTTP/1.1" 500 145
Internal Server Error: /static/css/font-awesome.min.css
Internal Server Error: /static/css/bootstrap.min.css
"GET /static/css/bootstrap.min.css HTTP/1.1" 500 145
"GET /static/lib/lightbox/css/lightbox.min.css HTTP/1.1" 500 145
Internal Server Error: /static/css/style.css
"GET /static/css/font-awesome.min.css HTTP/1.1" 500 145
Internal Server Error: /static/img/hero.png
"GET /static/css/style.css HTTP/1.1" 500 145
"GET /static/img/hero.png HTTP/1.1" 500 145
Internal Server Error: /static/lib/wow/wow.min.js
Internal Server Error: /static/lib/counterup/counterup.min.js
Internal Server Error: /static/lib/waypoints/waypoints.min.js
Internal Server Error: /static/lib/owlcarousel/owl.carousel.min.js
Internal Server Error: /static/lib/easing/easing.min.js
"GET /static/lib/easing/easing.min.js HTTP/1.1" 500 145
Internal Server Error: /static/lib/isotope/isotope.pkgd.min.js
"GET /static/lib/isotope/isotope.pkgd.min.js HTTP/1.1" 500 145
"GET /static/lib/owlcarousel/owl.carousel.min.js HTTP/1.1" 500 145
"GET /static/lib/counterup/counterup.min.js HTTP/1.1" 500 145
"GET /static/lib/wow/wow.min.js HTTP/1.1" 500 145
"GET /static/lib/waypoints/waypoints.min.js HTTP/1.1" 500 145
Internal Server Error: /static/js/main.js
Internal Server Error: /static/lib/lightbox/js/lightbox.min.js
"GET /static/lib/lightbox/js/lightbox.min.js HTTP/1.1" 500 145
Internal Server Error: /static/js/vendor.bundle.base.js
"GET /static/js/main.js HTTP/1.1" 500 145
"GET /static/js/vendor.bundle.base.js HTTP/1.1" 500 145
Internal Server Error: /static/img/favicon.ico
"GET /static/img/favicon.ico HTTP/1.1" 500 145
Internal Server Error: /static/lib/animate/animate.min.css
"GET /static/lib/animate/animate.min.css HTTP/1.1" 500 145
Internal Server Error: /static/lib/owlcarousel/assets/owl.carousel.min.css
"GET /static/lib/owlcarousel/assets/owl.carousel.min.css HTTP/1.1" 500 145
Internal Server Error: /static/lib/lightbox/css/lightbox.min.css
"GET /static/lib/lightbox/css/lightbox.min.css HTTP/1.1" 500 145
Internal Server Error: /static/css/bootstrap.min.css
Internal Server Error: /static/css/style.css
"GET /static/css/style.css HTTP/1.1" 500 145
Internal Server Error: /static/css/font-awesome.min.css
"GET /static/css/bootstrap.min.css HTTP/1.1" 500 145
"GET /static/css/font-awesome.min.css HTTP/1.1" 500 145
Internal Server Error: /static/img/hero.png
"GET /static/img/hero.png HTTP/1.1" 500 145
Internal Server Error: /static/lib/wow/wow.min.js
"GET /static/lib/wow/wow.min.js HTTP/1.1" 500 145
Internal Server Error: /static/lib/easing/easing.min.js
"GET /static/lib/easing/easing.min.js HTTP/1.1" 500 145
Internal Server Error: /static/lib/waypoints/waypoints.min.js
"GET /static/lib/waypoints/waypoints.min.js HTTP/1.1" 500 145
Internal Server Error: /static/lib/counterup/counterup.min.js
"GET /static/lib/counterup/counterup.min.js HTTP/1.1" 500 145
Internal Server Error: /static/lib/owlcarousel/owl.carousel.min.js
"GET /static/lib/owlcarousel/owl.carousel.min.js HTTP/1.1" 500 145
Internal Server Error: /static/lib/isotope/isotope.pkgd.min.js
Internal Server Error: /static/lib/lightbox/js/lightbox.min.js
Internal Server Error: /static/js/main.js
Internal Server Error: /static/js/vendor.bundle.base.js
"GET /static/lib/isotope/isotope.pkgd.min.js HTTP/1.1" 500 145
"GET /static/lib/lightbox/js/lightbox.min.js HTTP/1.1" 500 145
"GET /static/js/main.js HTTP/1.1" 500 145
"GET /static/js/vendor.bundle.base.js HTTP/1.1" 500 145
Internal Server Error: /static/img/favicon.ico
"GET /static/img/favicon.ico HTTP/1.1" 500 145
Internal Server Error: /static/css/style.css
"GET /static/css/style.css HTTP/1.1" 500 145
Internal Server Error: /favicon.ico
"GET /favicon.ico HTTP/1.1" 500 145
Internal Server Error: /static/css/style.css
"GET /static/css/style.css HTTP/1.1" 500 145
Internal Server Error: /favicon.ico
"GET /favicon.ico HTTP/1.1" 500 145
Internal Server Error: /stati
"GET /stati HTTP/1.1" 500 145
Internal Server Error: /favicon.ico
"GET /favicon.ico HTTP/1.1" 500 145
Internal Server Error: /static/css/style.css
Internal Server Error: /static/css/bootstrap.min.css
Internal Server Error: /static/lib/lightbox/css/lightbox.min.css
Internal Server Error: /static/lib/owlcarousel/assets/owl.carousel.min.css
Internal Server Error: /static/lib/animate/animate.min.css
Internal Server Error: /static/css/font-awesome.min.css
"GET /static/css/bootstrap.min.css HTTP/1.1" 500 145
"GET /static/lib/lightbox/css/lightbox.min.css HTTP/1.1" 500 145
"GET /static/lib/owlcarousel/assets/owl.carousel.min.css HTTP/1.1" 500 145
"GET /static/lib/animate/animate.min.css HTTP/1.1" 500 145
"GET /static/css/style.css HTTP/1.1" 500 145
"GET /static/css/font-awesome.min.css HTTP/1.1" 500 145
Internal Server Error: /static/img/hero.png
Internal Server Error: /static/lib/wow/wow.min.js
Internal Server Error: /static/lib/easing/easing.min.js
Internal Server Error: /static/lib/waypoints/waypoints.min.js
Internal Server Error: /static/lib/counterup/counterup.min.js
Internal Server Error: /static/lib/owlcarousel/owl.carousel.min.js
"GET /static/lib/wow/wow.min.js HTTP/1.1" 500 145
"GET /static/img/hero.png HTTP/1.1" 500 145
"GET /static/lib/easing/easing.min.js HTTP/1.1" 500 145
"GET /static/lib/waypoints/waypoints.min.js HTTP/1.1" 500 145
"GET /static/lib/counterup/counterup.min.js HTTP/1.1" 500 145
"GET /static/lib/owlcarousel/owl.carousel.min.js HTTP/1.1" 500 145
Internal Server Error: /static/lib/isotope/isotope.pkgd.min.js
Internal Server Error: /static/lib/lightbox/js/lightbox.min.js
Internal Server Error: /static/js/main.js
Internal Server Error: /static/js/vendor.bundle.base.js
"GET /static/lib/isotope/isotope.pkgd.min.js HTTP/1.1" 500 145
"GET /static/lib/lightbox/js/lightbox.min.js HTTP/1.1" 500 145
"GET /static/js/main.js HTTP/1.1" 500 145
"GET /static/js/vendor.bundle.base.js HTTP/1.1" 500 145
Internal Server Error: /static/img/favicon.ico
"GET /static/img/favicon.ico HTTP/1.1" 500 145
Internal Server Error: /favicon.ico
"GET /favicon.ico HTTP/1.1" 500 145
Internal Server Error: /static/img/hero.png
"GET /static/img/hero.png HTTP/1.1" 500 145
Internal Server Error: /favicon.ico
"GET /favicon.ico HTTP/1.1" 500 145
Internal Server Error: /static/lib/animate/animate.min.css
Internal Server Error: /static/lib/owlcarousel/assets/owl.carousel.min.css
"GET /static/lib/owlcarousel/assets/owl.carousel.min.css HTTP/1.1" 500 145
"GET /static/lib/animate/animate.min.css HTTP/1.1" 500 145
Internal Server Error: /static/lib/lightbox/css/lightbox.min.css
Internal Server Error: /static/css/bootstrap.min.css
Internal Server Error: /static/css/style.css
Internal Server Error: /static/css/font-awesome.min.css
Internal Server Error: /static/img/hero.png
"GET /static/css/bootstrap.min.css HTTP/1.1" 500 145
"GET /static/lib/lightbox/css/lightbox.min.css HTTP/1.1" 500 145
"GET /static/css/style.css HTTP/1.1" 500 145
"GET /static/img/hero.png HTTP/1.1" 500 145
"GET /static/css/font-awesome.min.css HTTP/1.1" 500 145
Internal Server Error: /static/lib/wow/wow.min.js
"GET /static/lib/wow/wow.min.js HTTP/1.1" 500 145
Internal Server Error: /static/lib/easing/easing.min.js
Internal Server Error: /static/lib/waypoints/waypoints.min.js
Internal Server Error: /static/lib/counterup/counterup.min.js
Internal Server Error: /static/lib/owlcarousel/owl.carousel.min.js
Internal Server Error: /static/lib/isotope/isotope.pkgd.min.js
Internal Server Error: /static/lib/lightbox/js/lightbox.min.js
"GET /static/lib/lightbox/js/lightbox.min.js HTTP/1.1" 500 145
"GET /static/lib/isotope/isotope.pkgd.min.js HTTP/1.1" 500 145
"GET /static/lib/waypoints/waypoints.min.js HTTP/1.1" 500 145
"GET /static/lib/owlcarousel/owl.carousel.min.js HTTP/1.1" 500 145
"GET /static/lib/counterup/counterup.min.js HTTP/1.1" 500 145
"GET /static/lib/easing/easing.min.js HTTP/1.1" 500 145
Internal Server Error: /static/js/main.js
"GET /static/js/main.js HTTP/1.1" 500 145
Internal Server Error: /static/js/vendor.bundle.base.js
"GET /static/js/vendor.bundle.base.js HTTP/1.1" 500 145
Internal Server Error: /static/img/favicon.ico
"GET /static/img/favicon.ico HTTP/1.1" 500 145
"GET /static/fonts/fontawesome-webfont.woff2?v=4.7.0 HTTP/1.1" 500 145
"GET /static/fonts/fontawesome-webfont.woff?v=4.7.0 HTTP/1.1" 500 145
"GET /static/fonts/fontawesome-webfont.ttf?v=4.7.0 HTTP/1.1" 500 145
"GET /static/lib/lightbox/js/lightbox.min.map HTTP/1.1" 500 145
"GET /static/js/perfect-scrollbar.min.js.map HTTP/1.1" 500 145
"GET /static/img/favicon.ico HTTP/1.1" 500 145
Internal Server Error: /jb
"GET /jb HTTP/1.1" 500 145
Internal Server Error: /favicon.ico
"GET /favicon.ico HTTP/1.1" 500 145
Internal Server Error: /jb
"GET /jb HTTP/1.1" 500 145
Internal Server Error: /favicon.ico
"GET /favicon.ico HTTP/1.1" 500 145
"GET /static/fonts/fontawesome-webfont.woff2?v=4.7.0 HTTP/1.1" 500 145
"GET /static/fonts/fontawesome-webfont.woff?v=4.7.0 HTTP/1.1" 500 145
"GET /static/lib/lightbox/js/lightbox.min.map HTTP/1.1" 500 145
"GET /static/fonts/fontawesome-webfont.ttf?v=4.7.0 HTTP/1.1" 500 145
"GET /static/js/perfect-scrollbar.min.js.map HTTP/1.1" 500 145
"GET /static/img/favicon.ico HTTP/1.1" 500 145
Internal Server Error: /favicon.ico
"GET /favicon.ico HTTP/1.1" 500 145
Internal Server Error: /favicon.ico
"GET /favicon.ico HTTP/1.1" 500 145
Internal Server Error: /favicon.ico
"GET /favicon.ico HTTP/1.1" 500 145
"GET /static/img/favicon.ico HTTP/1.1" 500 145
Internal Server Error: /favicon.ico
"GET /favicon.ico HTTP/1.1" 500 145
"GET /static/img/favicon.ico HTTP/1.1" 500 145
Internal Server Error: /favicon.ico
"GET /favicon.ico HTTP/1.1" 500 145
Internal Server Error: /statifiles/img/favicon.ico
"GET /statifiles/img/favicon.ico HTTP/1.1" 500 145
Internal Server Error: /favicon.ico
"GET /favicon.ico HTTP/1.1" 500 145
Internal Server Error: /favicon.ico
"GET /favicon.ico HTTP/1.1" 500 145
Internal Server Error: /favicon.ico
"GET /favicon.ico HTTP/1.1" 500 145
"GET /static/fonts/fontawesome-webfont.woff2?v=4.7.0 HTTP/1.1" 500 145
"GET /static/fonts/fontawesome-webfont.woff?v=4.7.0 HTTP/1.1" 500 145
"GET /static/fonts/fontawesome-webfont.ttf?v=4.7.0 HTTP/1.1" 500 145
"GET /static/lib/lightbox/js/lightbox.min.map HTTP/1.1" 500 145
"GET /static/js/perfect-scrollbar.min.js.map HTTP/1.1" 500 145
Internal Server Error: /favicon.ico
"GET /favicon.ico HTTP/1.1" 500 145
"GET /static/fonts/fontawesome-webfont.woff2?v=4.7.0 HTTP/1.1" 500 145
"GET /static/fonts/fontawesome-webfont.woff?v=4.7.0 HTTP/1.1" 500 145
"GET /static/lib/lightbox/js/lightbox.min.map HTTP/1.1" 500 145
"GET /static/fonts/fontawesome-webfont.ttf?v=4.7.0 HTTP/1.1" 500 145
"GET /static/js/perfect-scrollbar.min.js.map HTTP/1.1" 500 145
Internal Server Error: /favicon.ico
"GET /favicon.ico HTTP/1.1" 500 145
"GET /static/fonts/fontawesome-webfont.woff2?v=4.7.0 HTTP/1.1" 500 145
"GET /static/fonts/fontawesome-webfont.woff?v=4.7.0 HTTP/1.1" 500 145
"GET /static/fonts/fontawesome-webfont.ttf?v=4.7.0 HTTP/1.1" 500 145
"GET /static/lib/lightbox/js/lightbox.min.map HTTP/1.1" 500 145
"GET /static/js/perfect-scrollbar.min.js.map HTTP/1.1" 500 145
"GET /static/fonts/fontawesome-webfont.woff2?v=4.7.0 HTTP/1.1" 500 145
"GET /static/fonts/fontawesome-webfont.woff?v=4.7.0 HTTP/1.1" 500 145
"GET /static/fonts/fontawesome-webfont.ttf?v=4.7.0 HTTP/1.1" 500 145
"GET /static/lib/lightbox/js/lightbox.min.map HTTP/1.1" 500 145
"GET /static/js/perfect-scrollbar.min.js.map HTTP/1.1" 500 145
Internal Server Error: /favicon.ico
"GET /favicon.ico HTTP/1.1" 500 145
"GET /static/fonts/fontawesome-webfont.woff2?v=4.7.0 HTTP/1.1" 500 145
"GET /static/fonts/fontawesome-webfont.woff?v=4.7.0 HTTP/1.1" 500 145
"GET /static/fonts/fontawesome-webfont.ttf?v=4.7.0 HTTP/1.1" 500 145
"GET /static/lib/lightbox/js/lightbox.min.map HTTP/1.1" 500 145
"GET /static/js/perfect-scrollbar.min.js.map HTTP/1.1" 500 145
Internal Server Error: /favicon.ico
"GET /favicon.ico HTTP/1.1" 500 145
Internal Server Error: /favicon.ico
"GET /favicon.ico HTTP/1.1" 500 145
"GET /static/lib/lightbox/js/lightbox.min.map HTTP/1.1" 500 145
"GET /static/js/perfect-scrollbar.min.js.map HTTP/1.1" 500 145
Internal Server Error: /favicon.ico
"GET /favicon.ico HTTP/1.1" 500 145
Internal Server Error: /kd
"GET /kd HTTP/1.1" 500 145
Internal Server Error: /favicon.ico
"GET /favicon.ico HTTP/1.1" 500 145
